<?xml version="1.0" encoding="UTF-8" ?>
<testsuite failures="0" time="0.281" errors="0" skipped="0" tests="18" name="sorting.test.StudentSortingTest">
  <properties>
[...]
</properties>
  <testcase time="0.029" classname="sorting.test.StudentSortingTest" name="testSort01"/>
  <testcase time="0.01" classname="sorting.test.StudentSortingTest" name="testSort02"/>
  <testcase time="0.002" classname="sorting.test.StudentSortingTest" name="testSort03"/>
  <testcase time="0.002" classname="sorting.test.StudentSortingTest" name="testSort04"/>
  <testcase time="0.006" classname="sorting.test.StudentSortingTest" name="testSort05"/>
  <testcase time="0.026" classname="sorting.test.StudentSortingTest" name="testSort06"/>
  <testcase time="0.012" classname="sorting.test.StudentSortingTest" name="testSort07"/>
  <testcase time="0.018" classname="sorting.test.StudentSortingTest" name="testSort08"/>
  <testcase time="0.028" classname="sorting.test.StudentSortingTest" name="testSort09"/>
  <testcase time="0.011" classname="sorting.test.StudentSortingTest" name="testSort10"/>
  <testcase time="0.008" classname="sorting.test.StudentSortingTest" name="testSort11"/>
  <testcase time="0.002" classname="sorting.test.StudentSortingTest" name="testSort12"/>
  <testcase time="0.003" classname="sorting.test.StudentSortingTest" name="testSort13"/>
  <testcase time="0.001" classname="sorting.test.StudentSortingTest" name="testSort14"/>
  <testcase time="0.004" classname="sorting.test.StudentSortingTest" name="testSort15"/>
  <testcase time="0.002" classname="sorting.test.StudentSortingTest" name="testSort16"/>
  <testcase time="0.001" classname="sorting.test.StudentSortingTest" name="testSort17"/>
  <testcase time="0.001" classname="sorting.test.StudentSortingTest" name="testSort18"/>
</testsuite>